<?xml version="1.0" encoding="UTF-8" standalone="no"?>
<testsuite errors="0" failures="1" name="io.cucumber.core.plugin.JUnitFormatter" skipped="0" tests="3" time="90.815">
<testcase classname="Search and place the order for vegetables" name="Search for item and validate result" time="21.41">
<failure message="&quot;User searched for &quot;Cucumber&quot;&quot; matches more than one step definition:&#10;  &quot;^User searched for &quot;([^&quot;]*)&quot;$&quot; in StepDefinitions.stepdef1.user_searched_for_something(java.lang.String)&#10;  &quot;^User searched for (.+)$&quot; in StepDefinitions.stepdef2.user_searched_for(java.lang.String)" type="io.cucumber.core.runner.AmbiguousStepDefinitionsException"><![CDATA[Given User is on the greenkart landing page.................................passed
When User searched for "Cucumber"...........................................ambiguous
Then "Cucumber" results are displayed.......................................skipped

StackTrace:
io.cucumber.core.runner.AmbiguousStepDefinitionsException: "User searched for "Cucumber"" matches more than one step definition:
  "^User searched for "([^"]*)"$" in StepDefinitions.stepdef1.user_searched_for_something(java.lang.String)
  "^User searched for (.+)$" in StepDefinitions.stepdef2.user_searched_for(java.lang.String)
	at io.cucumber.core.runner.CachingGlue.findStepDefinitionMatch(CachingGlue.java:373)
	at io.cucumber.core.runner.CachingGlue.stepDefinitionMatch(CachingGlue.java:341)
	at io.cucumber.core.runner.Runner.matchStepToStepDefinition(Runner.java:146)
	at io.cucumber.core.runner.Runner.createTestStepsForPickleSteps(Runner.java:126)
	at io.cucumber.core.runner.Runner.createTestCaseForPickle(Runner.java:109)
	at io.cucumber.core.runner.Runner.runPickle(Runner.java:70)
	at io.cucumber.junit.PickleRunners$NoStepDescriptions.run(PickleRunners.java:151)
	at io.cucumber.junit.FeatureRunner.runChild(FeatureRunner.java:135)
	at io.cucumber.junit.FeatureRunner.runChild(FeatureRunner.java:27)
	at org.junit.runners.ParentRunner$3.run(ParentRunner.java:290)
	at org.junit.runners.ParentRunner$1.schedule(ParentRunner.java:71)
	at org.junit.runners.ParentRunner.runChildren(ParentRunner.java:288)
	at org.junit.runners.ParentRunner.access$000(ParentRunner.java:58)
	at org.junit.runners.ParentRunner$2.evaluate(ParentRunner.java:268)
	at org.junit.runners.ParentRunner.run(ParentRunner.java:363)
	at io.cucumber.junit.Cucumber.runChild(Cucumber.java:199)
	at io.cucumber.junit.Cucumber.runChild(Cucumber.java:90)
	at org.junit.runners.ParentRunner$3.run(ParentRunner.java:290)
	at org.junit.runners.ParentRunner$1.schedule(ParentRunner.java:71)
	at org.junit.runners.ParentRunner.runChildren(ParentRunner.java:288)
	at org.junit.runners.ParentRunner.access$000(ParentRunner.java:58)
	at org.junit.runners.ParentRunner$2.evaluate(ParentRunner.java:268)
	at io.cucumber.junit.Cucumber$RunCucumber.evaluate(Cucumber.java:234)
	at org.junit.runners.ParentRunner.run(ParentRunner.java:363)
	at org.eclipse.jdt.internal.junit4.runner.JUnit4TestReference.run(JUnit4TestReference.java:86)
	at org.eclipse.jdt.internal.junit.runner.TestExecution.run(TestExecution.java:38)
	at org.eclipse.jdt.internal.junit.runner.RemoteTestRunner.runTests(RemoteTestRunner.java:538)
	at org.eclipse.jdt.internal.junit.runner.RemoteTestRunner.runTests(RemoteTestRunner.java:760)
	at org.eclipse.jdt.internal.junit.runner.RemoteTestRunner.run(RemoteTestRunner.java:460)
	at org.eclipse.jdt.internal.junit.runner.RemoteTestRunner.main(RemoteTestRunner.java:206)
]]></failure>
</testcase>
<testcase classname="Search and place the order for vegetables" name="Search for item and validate result 2" time="38.313">
<system-out><![CDATA[Given User is on the greenkart landing page.................................passed
When User searched for Brinjal..............................................passed
And Added Items to cart.....................................................passed
And User proceeded to checkout page for purchase............................passed
Then Verify selected Brinjal is displayed in checkout page..................passed
]]></system-out>
</testcase>
<testcase classname="Search and place the order for vegetables" name="Search for item and validate result 3" time="29.737">
<system-out><![CDATA[Given User is on the greenkart landing page.................................passed
When User searched for Beetroot.............................................passed
And Added Items to cart.....................................................passed
And User proceeded to checkout page for purchase............................passed
Then Verify selected Beetroot is displayed in checkout page.................passed
]]></system-out>
</testcase>
</testsuite>
